C:\Program Files\Microsoft Visual Studio\2022\Community\MSBuild\Microsoft\VC\v170\Microsoft.CppBuild.targets(534,5): warning MSB8028: промежуточный каталог (x64\Release\) содержит файлы, которые используются совместно с другим проектом (Wegine.vcxproj).  Это может привести к ошибкам очистки и перестроения.
  geometry.cpp
  cl2.hpp: CL_HPP_TARGET_OPENCL_VERSION is not defined. It will default to 210 (OpenCL 2.1)
C:\Users\game_\source\repos\RTX\Wegine\threading.h(14,2): warning C4091: typedef : пропускается слева от "cl_ray", когда ни одна переменная не объявлена
C:\Users\game_\source\repos\RTX\Wegine\threading.h(20,2): warning C4091: typedef : пропускается слева от "cl_polygon", когда ни одна переменная не объявлена
C:\Users\game_\source\repos\RTX\Wegine\geometry.h(47,2): warning C4091: typedef : пропускается слева от "Ray", когда ни одна переменная не объявлена
C:\Users\game_\source\repos\RTX\Wegine\geometry.h(55,2): warning C4091: typedef : пропускается слева от "Polygon", когда ни одна переменная не объявлена
C:\Users\game_\source\repos\RTX\Wegine\geometry.h(72,2): warning C4091: typedef : пропускается слева от "Raycast_ret", когда ни одна переменная не объявлена
C:\Users\game_\source\repos\RTX\Wegine\geometry.h(109): warning C4091: typedef : пропускается слева от "Sphere::cl_sphere", когда ни одна переменная не объявлена
C:\Users\game_\source\repos\RTX\Wegine\geometry.cpp(53,46): warning C4244: =: преобразование "double" в "float", возможна потеря данных
C:\Users\game_\source\repos\RTX\Wegine\geometry.cpp(54,46): warning C4244: =: преобразование "double" в "float", возможна потеря данных
C:\Users\game_\source\repos\RTX\Wegine\geometry.cpp(55,46): warning C4244: =: преобразование "double" в "float", возможна потеря данных
C:\Users\game_\source\repos\RTX\Wegine\geometry.cpp(291,25): warning C4305: -=: усечение из "double" в "float"
C:\Users\game_\source\repos\RTX\Wegine\geometry.cpp(293,25): warning C4305: +=: усечение из "double" в "float"
C:\Users\game_\source\repos\RTX\Wegine\geometry.cpp(297,25): warning C4305: -=: усечение из "double" в "float"
C:\Users\game_\source\repos\RTX\Wegine\geometry.cpp(299,25): warning C4305: +=: усечение из "double" в "float"
C:\Users\game_\source\repos\RTX\Wegine\geometry.cpp(303,25): warning C4305: -=: усечение из "double" в "float"
C:\Users\game_\source\repos\RTX\Wegine\geometry.cpp(305,25): warning C4305: +=: усечение из "double" в "float"
  Создание кода
  1 of 892 functions ( 0.1%) were compiled, the rest were copied from previous compilation.
    0 functions were new in current compilation
    0 functions had inline decision re-evaluated but remain unchanged
  Создание кода завершено
  Wegine.vcxproj -> C:\Users\game_\source\repos\RTX\x64\Release\RTX.exe
