c:\users\game_\source\repos\rtx\wegine\x64\debug\vc143.pdb
c:\users\game_\source\repos\rtx\wegine\x64\debug\vc143.idb
c:\users\game_\source\repos\rtx\wegine\x64\debug\wegine.obj
c:\users\game_\source\repos\rtx\wegine\x64\debug\render.obj
c:\users\game_\source\repos\rtx\wegine\x64\debug\geometry.obj
c:\users\game_\source\repos\rtx\wegine\x64\debug\physx.obj
c:\users\game_\source\repos\rtx\x64\debug\rtx.pdb
c:\users\game_\source\repos\rtx\wegine\x64\debug\rtx.tlog\cl.command.1.tlog
c:\users\game_\source\repos\rtx\wegine\x64\debug\rtx.tlog\cl.read.1.tlog
c:\users\game_\source\repos\rtx\wegine\x64\debug\rtx.tlog\cl.write.1.tlog
c:\users\game_\source\repos\rtx\wegine\x64\debug\rtx.tlog\link-cvtres.read.1.tlog
c:\users\game_\source\repos\rtx\wegine\x64\debug\rtx.tlog\link-cvtres.write.1.tlog
c:\users\game_\source\repos\rtx\wegine\x64\debug\rtx.tlog\link-rc.read.1.tlog
c:\users\game_\source\repos\rtx\wegine\x64\debug\rtx.tlog\link-rc.write.1.tlog
c:\users\game_\source\repos\rtx\wegine\x64\debug\rtx.tlog\link.8056-cvtres.read.1.tlog
c:\users\game_\source\repos\rtx\wegine\x64\debug\rtx.tlog\link.8056-cvtres.write.1.tlog
c:\users\game_\source\repos\rtx\wegine\x64\debug\rtx.tlog\link.8056-rc.read.1.tlog
c:\users\game_\source\repos\rtx\wegine\x64\debug\rtx.tlog\link.8056-rc.write.1.tlog
c:\users\game_\source\repos\rtx\wegine\x64\debug\rtx.tlog\link.8056.read.1.tlog
c:\users\game_\source\repos\rtx\wegine\x64\debug\rtx.tlog\link.8056.read.2.tlog
c:\users\game_\source\repos\rtx\wegine\x64\debug\rtx.tlog\link.8056.write.1.tlog
c:\users\game_\source\repos\rtx\wegine\x64\debug\rtx.tlog\link.command.1.tlog
c:\users\game_\source\repos\rtx\wegine\x64\debug\rtx.tlog\link.read.1.tlog
c:\users\game_\source\repos\rtx\wegine\x64\debug\rtx.tlog\link.read.2.tlog
c:\users\game_\source\repos\rtx\wegine\x64\debug\rtx.tlog\link.write.1.tlog
